<?xml version="1.0" encoding="UTF-8"?><testsuite errors="0" failures="1" name="io.cucumber.core.plugin.JUnitFormatter" skipped="0" tests="1" time="39.901">
<testcase classname="Goibibo Ticket Booking" name="Verify user is able to book and view ticket details" time="37.317">
<failure message="expected [Book Cheap Flights, Air Tickets, Hotels, Bus &amp; Holiday Package at Goibibo] but found [Goibibo - Best Travel Website. Book Hotels, Flights, Trains, Bus and Cabs with upto 50% off]" type="java.lang.AssertionError"><![CDATA[Given user is on Goibibo home page..........................................passed
Then user verify Goibibo home page title....................................passed
When user enter travel details "from.location" "to.location" "travel.class" "travel.month" "travel.day" and enter search.failed

StackTrace:
java.lang.AssertionError: expected [Book Cheap Flights, Air Tickets, Hotels, Bus & Holiday Package at Goibibo] but found [Goibibo - Best Travel Website. Book Hotels, Flights, Trains, Bus and Cabs with upto 50% off]
	at org.testng.Assert.fail(Assert.java:96)
	at org.testng.Assert.failNotEquals(Assert.java:776)
	at org.testng.Assert.assertEqualsImpl(Assert.java:137)
	at org.testng.Assert.assertEquals(Assert.java:118)
	at org.testng.Assert.assertEquals(Assert.java:453)
	at org.testng.Assert.assertEquals(Assert.java:463)
	at com.jtaf.qa.test.GoibiboSiteTest.enterBookingDetails(GoibiboSiteTest.java:23)
	at com.jtaf.qa.steps.GoibiboSiteStepDefinitions.user_enter_travel_details_and_enter_search(GoibiboSiteStepDefinitions.java:33)
	at âœ½.user enter travel details "from.location" "to.location" "travel.class" "travel.month" "travel.day" and enter search(file:///D:/ECLIPSE_ENV/Workspace/SeleniumJavaCucumberTestNG/src/test/resources/features/VerifyUserAbleToBookAndViewTicketDetails.feature:8)
]]></failure>
</testcase>
</testsuite>
