<?xml version="1.0" encoding="UTF-8"?>
<testng-results skipped="0" failed="2" ignored="4" total="7" passed="1">
  <reporter-output>
    <line>
      <![CDATA[LoginTest test started]]>
    </line>
    <line>
      <![CDATA[verifyHomePageTest test started]]>
    </line>
    <line>
      <![CDATA[verifyHomePageTest test failed java.lang.AssertionError: expected [Domestic and International Flights] but found [Domestic And International Flights]]]>
    </line>
    <line>
      <![CDATA[<a href='D:\ECLIPSE_ENV\Workspace\SeleniumJavaCucumberTestNG\src\test\resources\screenshots\failure\verifyHomePageTest_19_06_2021_05_23_28.png'> <img src='D:\ECLIPSE_ENV\Workspace\SeleniumJavaCucumberTestNG\src\test\resources\screenshots\failure\verifyHomePageTest_19_06_2021_05_23_28.png' height='100' width='100'/></a>]]>
    </line>
    <line>
      <![CDATA[verifyTicketBookingPageTest test started]]>
    </line>
    <line>
      <![CDATA[verifyTicketBookingPageTest test failed java.lang.AssertionError: expected [Book Cheap Flights, Air Tickets, Hotels, Bus & Holiday Package at Goibibo] but found [Goibibo - Best Travel Website. Book Hotels, Flights, Trains, Bus and Cabs with upto 50% off]]]>
    </line>
    <line>
      <![CDATA[<a href='D:\ECLIPSE_ENV\Workspace\SeleniumJavaCucumberTestNG\src\test\resources\screenshots\failure\verifyTicketBookingPageTest_19_06_2021_05_23_47.png'> <img src='D:\ECLIPSE_ENV\Workspace\SeleniumJavaCucumberTestNG\src\test\resources\screenshots\failure\verifyTicketBookingPageTest_19_06_2021_05_23_47.png' height='100' width='100'/></a>]]>
    </line>
    <line>
      <![CDATA[verifyTicketDetailsTest test started]]>
    </line>
    <line>
      <![CDATA[verifyTicketDetailsTest test passed]]>
    </line>
    <line>
      <![CDATA[<a href='D:\ECLIPSE_ENV\Workspace\SeleniumJavaCucumberTestNG\src\test\resources\screenshots\success\verifyTicketDetailsTest_19_06_2021_05_24_35.png'> <img src='D:\ECLIPSE_ENV\Workspace\SeleniumJavaCucumberTestNG\src\test\resources\screenshots\success\verifyTicketDetailsTest_19_06_2021_05_24_35.png' height='100' width='100'/></a>]]>
    </line>
  </reporter-output>
  <suite name="testNGSuite" duration-ms="121328" started-at="2021-06-19T11:52:34Z" finished-at="2021-06-19T11:54:35Z">
    <groups>
    </groups>
    <test name="LoginTest" duration-ms="121328" started-at="2021-06-19T11:52:34Z" finished-at="2021-06-19T11:54:35Z">
      <class name="com.jtaf.qa.test.TicketDetailsPageTest">
        <test-method status="PASS" signature="setUpTest(java.lang.String)[pri:0, instance:com.jtaf.qa.test.TicketDetailsPageTest@612679d6]" name="setUpTest" is-config="true" duration-ms="13309" started-at="2021-06-19T11:53:51Z" finished-at="2021-06-19T11:54:04Z">
          <params>
            <param index="0">
              <value>
                <![CDATA[chrome]]>
              </value>
            </param>
          </params>
          <reporter-output>
          </reporter-output>
        </test-method> <!-- setUpTest -->
        <test-method status="PASS" signature="verifyTicketDetailsTest()[pri:3, instance:com.jtaf.qa.test.TicketDetailsPageTest@612679d6]" name="verifyTicketDetailsTest" duration-ms="30152" started-at="2021-06-19T11:54:04Z" finished-at="2021-06-19T11:54:35Z">
          <reporter-output>
            <line>
              <![CDATA[verifyTicketDetailsTest test started]]>
            </line>
            <line>
              <![CDATA[verifyTicketDetailsTest test passed]]>
            </line>
            <line>
              <![CDATA[<a href='D:\ECLIPSE_ENV\Workspace\SeleniumJavaCucumberTestNG\src\test\resources\screenshots\success\verifyTicketDetailsTest_19_06_2021_05_24_35.png'> <img src='D:\ECLIPSE_ENV\Workspace\SeleniumJavaCucumberTestNG\src\test\resources\screenshots\success\verifyTicketDetailsTest_19_06_2021_05_24_35.png' height='100' width='100'/></a>]]>
            </line>
          </reporter-output>
        </test-method> <!-- verifyTicketDetailsTest -->
        <test-method status="PASS" signature="tearDown()[pri:0, instance:com.jtaf.qa.test.TicketDetailsPageTest@612679d6]" name="tearDown" is-config="true" duration-ms="555" started-at="2021-06-19T11:54:35Z" finished-at="2021-06-19T11:54:35Z">
          <reporter-output>
          </reporter-output>
        </test-method> <!-- tearDown -->
      </class> <!-- com.jtaf.qa.test.TicketDetailsPageTest -->
      <class name="com.jtaf.qa.test.HomePageTest">
        <test-method status="PASS" signature="init()[pri:0, instance:com.jtaf.qa.test.HomePageTest@612fc6eb]" name="init" is-config="true" duration-ms="120" started-at="2021-06-19T11:52:34Z" finished-at="2021-06-19T11:52:34Z">
          <reporter-output>
          </reporter-output>
        </test-method> <!-- init -->
        <test-method status="PASS" signature="setUpTest(java.lang.String)[pri:0, instance:com.jtaf.qa.test.HomePageTest@612fc6eb]" name="setUpTest" is-config="true" duration-ms="50003" started-at="2021-06-19T11:52:35Z" finished-at="2021-06-19T11:53:25Z">
          <params>
            <param index="0">
              <value>
                <![CDATA[chrome]]>
              </value>
            </param>
          </params>
          <reporter-output>
          </reporter-output>
        </test-method> <!-- setUpTest -->
        <test-method status="FAIL" signature="verifyHomePageTest()[pri:1, instance:com.jtaf.qa.test.HomePageTest@612fc6eb]" name="verifyHomePageTest" duration-ms="2872" started-at="2021-06-19T11:53:25Z" finished-at="2021-06-19T11:53:28Z">
          <exception class="java.lang.AssertionError">
            <message>
              <![CDATA[expected [Domestic and International Flights] but found [Domestic And International Flights]]]>
            </message>
            <full-stacktrace>
              <![CDATA[java.lang.AssertionError: expected [Domestic and International Flights] but found [Domestic And International Flights]
at org.testng.Assert.fail(Assert.java:96)
at org.testng.Assert.failNotEquals(Assert.java:776)
at org.testng.Assert.assertEqualsImpl(Assert.java:137)
at org.testng.Assert.assertEquals(Assert.java:118)
at org.testng.Assert.assertEquals(Assert.java:453)
at org.testng.Assert.assertEquals(Assert.java:463)
at com.jtaf.qa.test.HomePageTest.verifyHomePageTest(HomePageTest.java:26)
at sun.reflect.NativeMethodAccessorImpl.invoke0(Native Method)
at sun.reflect.NativeMethodAccessorImpl.invoke(NativeMethodAccessorImpl.java:62)
at sun.reflect.DelegatingMethodAccessorImpl.invoke(DelegatingMethodAccessorImpl.java:43)
at java.lang.reflect.Method.invoke(Method.java:498)
at org.testng.internal.MethodInvocationHelper.invokeMethod(MethodInvocationHelper.java:124)
at org.testng.internal.Invoker.invokeMethod(Invoker.java:583)
at org.testng.internal.Invoker.invokeTestMethod(Invoker.java:719)
at org.testng.internal.Invoker.invokeTestMethods(Invoker.java:989)
at org.testng.internal.TestMethodWorker.invokeTestMethods(TestMethodWorker.java:125)
at org.testng.internal.TestMethodWorker.run(TestMethodWorker.java:109)
at org.testng.TestRunner.privateRun(TestRunner.java:648)
at org.testng.TestRunner.run(TestRunner.java:505)
at org.testng.SuiteRunner.runTest(SuiteRunner.java:455)
at org.testng.SuiteRunner.runSequentially(SuiteRunner.java:450)
at org.testng.SuiteRunner.privateRun(SuiteRunner.java:415)
at org.testng.SuiteRunner.run(SuiteRunner.java:364)
at org.testng.SuiteRunnerWorker.runSuite(SuiteRunnerWorker.java:52)
at org.testng.SuiteRunnerWorker.run(SuiteRunnerWorker.java:84)
at org.testng.TestNG.runSuitesSequentially(TestNG.java:1208)
at org.testng.TestNG.runSuitesLocally(TestNG.java:1137)
at org.testng.TestNG.runSuites(TestNG.java:1049)
at org.testng.TestNG.run(TestNG.java:1017)
at org.testng.remote.AbstractRemoteTestNG.run(AbstractRemoteTestNG.java:114)
at org.testng.remote.RemoteTestNG.initAndRun(RemoteTestNG.java:251)
at org.testng.remote.RemoteTestNG.main(RemoteTestNG.java:77)
]]>
            </full-stacktrace>
          </exception> <!-- java.lang.AssertionError -->
          <reporter-output>
            <line>
              <![CDATA[verifyHomePageTest test started]]>
            </line>
            <line>
              <![CDATA[verifyHomePageTest test failed java.lang.AssertionError: expected [Domestic and International Flights] but found [Domestic And International Flights]]]>
            </line>
            <line>
              <![CDATA[<a href='D:\ECLIPSE_ENV\Workspace\SeleniumJavaCucumberTestNG\src\test\resources\screenshots\failure\verifyHomePageTest_19_06_2021_05_23_28.png'> <img src='D:\ECLIPSE_ENV\Workspace\SeleniumJavaCucumberTestNG\src\test\resources\screenshots\failure\verifyHomePageTest_19_06_2021_05_23_28.png' height='100' width='100'/></a>]]>
            </line>
          </reporter-output>
        </test-method> <!-- verifyHomePageTest -->
        <test-method status="PASS" signature="tearDown()[pri:0, instance:com.jtaf.qa.test.HomePageTest@612fc6eb]" name="tearDown" is-config="true" duration-ms="1177" started-at="2021-06-19T11:53:29Z" finished-at="2021-06-19T11:53:30Z">
          <reporter-output>
          </reporter-output>
        </test-method> <!-- tearDown -->
        <test-method status="PASS" signature="exit()[pri:0, instance:com.jtaf.qa.test.HomePageTest@612fc6eb]" name="exit" is-config="true" duration-ms="555" started-at="2021-06-19T11:54:38Z" finished-at="2021-06-19T11:54:38Z">
          <reporter-output>
          </reporter-output>
        </test-method> <!-- exit -->
      </class> <!-- com.jtaf.qa.test.HomePageTest -->
      <class name="com.jtaf.qa.test.TicketBookingPageTest">
        <test-method status="PASS" signature="setUpTest(java.lang.String)[pri:0, instance:com.jtaf.qa.test.TicketBookingPageTest@1060b431]" name="setUpTest" is-config="true" duration-ms="16228" started-at="2021-06-19T11:53:30Z" finished-at="2021-06-19T11:53:47Z">
          <params>
            <param index="0">
              <value>
                <![CDATA[chrome]]>
              </value>
            </param>
          </params>
          <reporter-output>
          </reporter-output>
        </test-method> <!-- setUpTest -->
        <test-method status="FAIL" signature="verifyTicketBookingPageTest()[pri:2, instance:com.jtaf.qa.test.TicketBookingPageTest@1060b431]" name="verifyTicketBookingPageTest" duration-ms="31" started-at="2021-06-19T11:53:47Z" finished-at="2021-06-19T11:53:47Z">
          <exception class="java.lang.AssertionError">
            <message>
              <![CDATA[expected [Book Cheap Flights, Air Tickets, Hotels, Bus & Holiday Package at Goibibo] but found [Goibibo - Best Travel Website. Book Hotels, Flights, Trains, Bus and Cabs with upto 50% off]]]>
            </message>
            <full-stacktrace>
              <![CDATA[java.lang.AssertionError: expected [Book Cheap Flights, Air Tickets, Hotels, Bus & Holiday Package at Goibibo] but found [Goibibo - Best Travel Website. Book Hotels, Flights, Trains, Bus and Cabs with upto 50% off]
at org.testng.Assert.fail(Assert.java:96)
at org.testng.Assert.failNotEquals(Assert.java:776)
at org.testng.Assert.assertEqualsImpl(Assert.java:137)
at org.testng.Assert.assertEquals(Assert.java:118)
at org.testng.Assert.assertEquals(Assert.java:453)
at org.testng.Assert.assertEquals(Assert.java:463)
at com.jtaf.qa.test.TicketBookingPageTest.verifyTicketBookingPageTest(TicketBookingPageTest.java:24)
at sun.reflect.NativeMethodAccessorImpl.invoke0(Native Method)
at sun.reflect.NativeMethodAccessorImpl.invoke(NativeMethodAccessorImpl.java:62)
at sun.reflect.DelegatingMethodAccessorImpl.invoke(DelegatingMethodAccessorImpl.java:43)
at java.lang.reflect.Method.invoke(Method.java:498)
at org.testng.internal.MethodInvocationHelper.invokeMethod(MethodInvocationHelper.java:124)
at org.testng.internal.Invoker.invokeMethod(Invoker.java:583)
at org.testng.internal.Invoker.invokeTestMethod(Invoker.java:719)
at org.testng.internal.Invoker.invokeTestMethods(Invoker.java:989)
at org.testng.internal.TestMethodWorker.invokeTestMethods(TestMethodWorker.java:125)
at org.testng.internal.TestMethodWorker.run(TestMethodWorker.java:109)
at org.testng.TestRunner.privateRun(TestRunner.java:648)
at org.testng.TestRunner.run(TestRunner.java:505)
at org.testng.SuiteRunner.runTest(SuiteRunner.java:455)
at org.testng.SuiteRunner.runSequentially(SuiteRunner.java:450)
at org.testng.SuiteRunner.privateRun(SuiteRunner.java:415)
at org.testng.SuiteRunner.run(SuiteRunner.java:364)
at org.testng.SuiteRunnerWorker.runSuite(SuiteRunnerWorker.java:52)
at org.testng.SuiteRunnerWorker.run(SuiteRunnerWorker.java:84)
at org.testng.TestNG.runSuitesSequentially(TestNG.java:1208)
at org.testng.TestNG.runSuitesLocally(TestNG.java:1137)
at org.testng.TestNG.runSuites(TestNG.java:1049)
at org.testng.TestNG.run(TestNG.java:1017)
at org.testng.remote.AbstractRemoteTestNG.run(AbstractRemoteTestNG.java:114)
at org.testng.remote.RemoteTestNG.initAndRun(RemoteTestNG.java:251)
at org.testng.remote.RemoteTestNG.main(RemoteTestNG.java:77)
]]>
            </full-stacktrace>
          </exception> <!-- java.lang.AssertionError -->
          <reporter-output>
            <line>
              <![CDATA[verifyTicketBookingPageTest test started]]>
            </line>
            <line>
              <![CDATA[verifyTicketBookingPageTest test failed java.lang.AssertionError: expected [Book Cheap Flights, Air Tickets, Hotels, Bus & Holiday Package at Goibibo] but found [Goibibo - Best Travel Website. Book Hotels, Flights, Trains, Bus and Cabs with upto 50% off]]]>
            </line>
            <line>
              <![CDATA[<a href='D:\ECLIPSE_ENV\Workspace\SeleniumJavaCucumberTestNG\src\test\resources\screenshots\failure\verifyTicketBookingPageTest_19_06_2021_05_23_47.png'> <img src='D:\ECLIPSE_ENV\Workspace\SeleniumJavaCucumberTestNG\src\test\resources\screenshots\failure\verifyTicketBookingPageTest_19_06_2021_05_23_47.png' height='100' width='100'/></a>]]>
            </line>
          </reporter-output>
        </test-method> <!-- verifyTicketBookingPageTest -->
        <test-method status="PASS" signature="tearDown()[pri:0, instance:com.jtaf.qa.test.TicketBookingPageTest@1060b431]" name="tearDown" is-config="true" duration-ms="4228" started-at="2021-06-19T11:53:47Z" finished-at="2021-06-19T11:53:51Z">
          <reporter-output>
          </reporter-output>
        </test-method> <!-- tearDown -->
      </class> <!-- com.jtaf.qa.test.TicketBookingPageTest -->
    </test> <!-- LoginTest -->
  </suite> <!-- testNGSuite -->
</testng-results>
