<?xml version="1.0" encoding="UTF-8"?>
<!-- Generated by org.testng.reporters.JUnitReportReporter -->
<testsuite skipped="0" hostname="DESKTOP-69A82KC" name="com.jtaf.qa.runner.TestRunner" tests="1" failures="1" timestamp="30 Jun 2021 04:38:45 GMT" time="37.633" errors="0">
  <testcase name="runScenario" time="37.633" classname="com.jtaf.qa.runner.TestRunner">
    <failure type="java.lang.AssertionError" message="expected [Book Cheap Flights, Air Tickets, Hotels, Bus &amp; Holiday Package at Goibibo] but found [Goibibo - Best Travel Website. Book Hotels, Flights, Trains, Bus and Cabs with upto 50% off]">
      <![CDATA[java.lang.AssertionError: expected [Book Cheap Flights, Air Tickets, Hotels, Bus & Holiday Package at Goibibo] but found [Goibibo - Best Travel Website. Book Hotels, Flights, Trains, Bus and Cabs with upto 50% off]
at org.testng.Assert.fail(Assert.java:96)
at org.testng.Assert.failNotEquals(Assert.java:776)
at org.testng.Assert.assertEqualsImpl(Assert.java:137)
at org.testng.Assert.assertEquals(Assert.java:118)
at org.testng.Assert.assertEquals(Assert.java:453)
at org.testng.Assert.assertEquals(Assert.java:463)
at com.jtaf.qa.test.GoibiboSiteTest.enterBookingDetails(GoibiboSiteTest.java:23)
at com.jtaf.qa.steps.GoibiboSiteStepDefinitions.user_enter_travel_details_and_enter_search(GoibiboSiteStepDefinitions.java:33)
at âœ½.user enter travel details "from.location" "to.location" "travel.class" "travel.month" "travel.day" and enter search(file:///D:/ECLIPSE_ENV/Workspace/SeleniumJavaCucumberTestNG/src/test/resources/features/VerifyUserAbleToBookAndViewTicketDetails.feature:8)
]]>
    </failure>
  </testcase> <!-- runScenario -->
</testsuite> <!-- com.jtaf.qa.runner.TestRunner -->
